rm -f XAllowDv.o
gcc -m32 -c -O2 -fno-strength-reduce -fno-strict-aliasing  -Wall -Wpointer-arith -Wundef  -I.   -I../../exports/include    -Dlinux -D__i386__ -D_POSIX_C_SOURCE=199309L 				-D_POSIX_SOURCE -D_XOPEN_SOURCE 				-D_BSD_SOURCE -D_SVID_SOURCE 				 -D_GNU_SOURCE 				  -DFUNCPROTO=15 -DNARROWPROTO -DXTHREADS  -D_REENTRANT -DXUSE_MTSAFE_API    -DMALLOC_0_RETURNS_NULL     -fPIC XAllowDv.c
rm -f XChgDCtl.o
gcc -m32 -c -O2 -fno-strength-reduce -fno-strict-aliasing  -Wall -Wpointer-arith -Wundef  -I.   -I../../exports/include    -Dlinux -D__i386__ -D_POSIX_C_SOURCE=199309L 				-D_POSIX_SOURCE -D_XOPEN_SOURCE 				-D_BSD_SOURCE -D_SVID_SOURCE 				 -D_GNU_SOURCE 				  -DFUNCPROTO=15 -DNARROWPROTO -DXTHREADS  -D_REENTRANT -DXUSE_MTSAFE_API    -DMALLOC_0_RETURNS_NULL     -fPIC XChgDCtl.c
rm -f XChgFCtl.o
gcc -m32 -c -O2 -fno-strength-reduce -fno-strict-aliasing  -Wall -Wpointer-arith -Wundef  -I.   -I../../exports/include    -Dlinux -D__i386__ -D_POSIX_C_SOURCE=199309L 				-D_POSIX_SOURCE -D_XOPEN_SOURCE 				-D_BSD_SOURCE -D_SVID_SOURCE 				 -D_GNU_SOURCE 				  -DFUNCPROTO=15 -DNARROWPROTO -DXTHREADS  -D_REENTRANT -DXUSE_MTSAFE_API    -DMALLOC_0_RETURNS_NULL     -fPIC XChgFCtl.c
rm -f XChgKbd.o
gcc -m32 -c -O2 -fno-strength-reduce -fno-strict-aliasing  -Wall -Wpointer-arith -Wundef  -I.   -I../../exports/include    -Dlinux -D__i386__ -D_POSIX_C_SOURCE=199309L 				-D_POSIX_SOURCE -D_XOPEN_SOURCE 				-D_BSD_SOURCE -D_SVID_SOURCE 				 -D_GNU_SOURCE 				  -DFUNCPROTO=15 -DNARROWPROTO -DXTHREADS  -D_REENTRANT -DXUSE_MTSAFE_API    -DMALLOC_0_RETURNS_NULL     -fPIC XChgKbd.c
rm -f XChgKMap.o
gcc -m32 -c -O2 -fno-strength-reduce -fno-strict-aliasing  -Wall -Wpointer-arith -Wundef  -I.   -I../../exports/include    -Dlinux -D__i386__ -D_POSIX_C_SOURCE=199309L 				-D_POSIX_SOURCE -D_XOPEN_SOURCE 				-D_BSD_SOURCE -D_SVID_SOURCE 				 -D_GNU_SOURCE 				  -DFUNCPROTO=15 -DNARROWPROTO -DXTHREADS  -D_REENTRANT -DXUSE_MTSAFE_API    -DMALLOC_0_RETURNS_NULL     -fPIC XChgKMap.c
rm -f XChgPnt.o
gcc -m32 -c -O2 -fno-strength-reduce -fno-strict-aliasing  -Wall -Wpointer-arith -Wundef  -I.   -I../../exports/include    -Dlinux -D__i386__ -D_POSIX_C_SOURCE=199309L 				-D_POSIX_SOURCE -D_XOPEN_SOURCE 				-D_BSD_SOURCE -D_SVID_SOURCE 				 -D_GNU_SOURCE 				  -DFUNCPROTO=15 -DNARROWPROTO -DXTHREADS  -D_REENTRANT -DXUSE_MTSAFE_API    -DMALLOC_0_RETURNS_NULL     -fPIC XChgPnt.c
rm -f XChgProp.o
gcc -m32 -c -O2 -fno-strength-reduce -fno-strict-aliasing  -Wall -Wpointer-arith -Wundef  -I.   -I../../exports/include    -Dlinux -D__i386__ -D_POSIX_C_SOURCE=199309L 				-D_POSIX_SOURCE -D_XOPEN_SOURCE 				-D_BSD_SOURCE -D_SVID_SOURCE 				 -D_GNU_SOURCE 				  -DFUNCPROTO=15 -DNARROWPROTO -DXTHREADS  -D_REENTRANT -DXUSE_MTSAFE_API    -DMALLOC_0_RETURNS_NULL     -fPIC XChgProp.c
rm -f XCloseDev.o
gcc -m32 -c -O2 -fno-strength-reduce -fno-strict-aliasing  -Wall -Wpointer-arith -Wundef  -I.   -I../../exports/include    -Dlinux -D__i386__ -D_POSIX_C_SOURCE=199309L 				-D_POSIX_SOURCE -D_XOPEN_SOURCE 				-D_BSD_SOURCE -D_SVID_SOURCE 				 -D_GNU_SOURCE 				  -DFUNCPROTO=15 -DNARROWPROTO -DXTHREADS  -D_REENTRANT -DXUSE_MTSAFE_API    -DMALLOC_0_RETURNS_NULL     -fPIC XCloseDev.c
rm -f XDevBell.o
gcc -m32 -c -O2 -fno-strength-reduce -fno-strict-aliasing  -Wall -Wpointer-arith -Wundef  -I.   -I../../exports/include    -Dlinux -D__i386__ -D_POSIX_C_SOURCE=199309L 				-D_POSIX_SOURCE -D_XOPEN_SOURCE 				-D_BSD_SOURCE -D_SVID_SOURCE 				 -D_GNU_SOURCE 				  -DFUNCPROTO=15 -DNARROWPROTO -DXTHREADS  -D_REENTRANT -DXUSE_MTSAFE_API    -DMALLOC_0_RETURNS_NULL     -fPIC XDevBell.c
rm -f XExtToWire.o
gcc -m32 -c -O2 -fno-strength-reduce -fno-strict-aliasing  -Wall -Wpointer-arith -Wundef  -I.   -I../../exports/include    -Dlinux -D__i386__ -D_POSIX_C_SOURCE=199309L 				-D_POSIX_SOURCE -D_XOPEN_SOURCE 				-D_BSD_SOURCE -D_SVID_SOURCE 				 -D_GNU_SOURCE 				  -DFUNCPROTO=15 -DNARROWPROTO -DXTHREADS  -D_REENTRANT -DXUSE_MTSAFE_API    -DMALLOC_0_RETURNS_NULL     -fPIC XExtToWire.c
rm -f XGetBMap.o
gcc -m32 -c -O2 -fno-strength-reduce -fno-strict-aliasing  -Wall -Wpointer-arith -Wundef  -I.   -I../../exports/include    -Dlinux -D__i386__ -D_POSIX_C_SOURCE=199309L 				-D_POSIX_SOURCE -D_XOPEN_SOURCE 				-D_BSD_SOURCE -D_SVID_SOURCE 				 -D_GNU_SOURCE 				  -DFUNCPROTO=15 -DNARROWPROTO -DXTHREADS  -D_REENTRANT -DXUSE_MTSAFE_API    -DMALLOC_0_RETURNS_NULL     -fPIC XGetBMap.c
rm -f XGetDCtl.o
gcc -m32 -c -O2 -fno-strength-reduce -fno-strict-aliasing  -Wall -Wpointer-arith -Wundef  -I.   -I../../exports/include    -Dlinux -D__i386__ -D_POSIX_C_SOURCE=199309L 				-D_POSIX_SOURCE -D_XOPEN_SOURCE 				-D_BSD_SOURCE -D_SVID_SOURCE 				 -D_GNU_SOURCE 				  -DFUNCPROTO=15 -DNARROWPROTO -DXTHREADS  -D_REENTRANT -DXUSE_MTSAFE_API    -DMALLOC_0_RETURNS_NULL     -fPIC XGetDCtl.c
rm -f XGetFCtl.o
gcc -m32 -c -O2 -fno-strength-reduce -fno-strict-aliasing  -Wall -Wpointer-arith -Wundef  -I.   -I../../exports/include    -Dlinux -D__i386__ -D_POSIX_C_SOURCE=199309L 				-D_POSIX_SOURCE -D_XOPEN_SOURCE 				-D_BSD_SOURCE -D_SVID_SOURCE 				 -D_GNU_SOURCE 				  -DFUNCPROTO=15 -DNARROWPROTO -DXTHREADS  -D_REENTRANT -DXUSE_MTSAFE_API    -DMALLOC_0_RETURNS_NULL     -fPIC XGetFCtl.c
rm -f XGetKMap.o
gcc -m32 -c -O2 -fno-strength-reduce -fno-strict-aliasing  -Wall -Wpointer-arith -Wundef  -I.   -I../../exports/include    -Dlinux -D__i386__ -D_POSIX_C_SOURCE=199309L 				-D_POSIX_SOURCE -D_XOPEN_SOURCE 				-D_BSD_SOURCE -D_SVID_SOURCE 				 -D_GNU_SOURCE 				  -DFUNCPROTO=15 -DNARROWPROTO -DXTHREADS  -D_REENTRANT -DXUSE_MTSAFE_API    -DMALLOC_0_RETURNS_NULL     -fPIC XGetKMap.c
rm -f XGetMMap.o
gcc -m32 -c -O2 -fno-strength-reduce -fno-strict-aliasing  -Wall -Wpointer-arith -Wundef  -I.   -I../../exports/include    -Dlinux -D__i386__ -D_POSIX_C_SOURCE=199309L 				-D_POSIX_SOURCE -D_XOPEN_SOURCE 				-D_BSD_SOURCE -D_SVID_SOURCE 				 -D_GNU_SOURCE 				  -DFUNCPROTO=15 -DNARROWPROTO -DXTHREADS  -D_REENTRANT -DXUSE_MTSAFE_API    -DMALLOC_0_RETURNS_NULL     -fPIC XGetMMap.c
rm -f XGetProp.o
gcc -m32 -c -O2 -fno-strength-reduce -fno-strict-aliasing  -Wall -Wpointer-arith -Wundef  -I.   -I../../exports/include    -Dlinux -D__i386__ -D_POSIX_C_SOURCE=199309L 				-D_POSIX_SOURCE -D_XOPEN_SOURCE 				-D_BSD_SOURCE -D_SVID_SOURCE 				 -D_GNU_SOURCE 				  -DFUNCPROTO=15 -DNARROWPROTO -DXTHREADS  -D_REENTRANT -DXUSE_MTSAFE_API    -DMALLOC_0_RETURNS_NULL     -fPIC XGetProp.c
rm -f XGetVers.o
gcc -m32 -c -O2 -fno-strength-reduce -fno-strict-aliasing  -Wall -Wpointer-arith -Wundef  -I.   -I../../exports/include    -Dlinux -D__i386__ -D_POSIX_C_SOURCE=199309L 				-D_POSIX_SOURCE -D_XOPEN_SOURCE 				-D_BSD_SOURCE -D_SVID_SOURCE 				 -D_GNU_SOURCE 				  -DFUNCPROTO=15 -DNARROWPROTO -DXTHREADS  -D_REENTRANT -DXUSE_MTSAFE_API    -DMALLOC_0_RETURNS_NULL     -fPIC XGetVers.c
rm -f XGMotion.o
gcc -m32 -c -O2 -fno-strength-reduce -fno-strict-aliasing  -Wall -Wpointer-arith -Wundef  -I.   -I../../exports/include    -Dlinux -D__i386__ -D_POSIX_C_SOURCE=199309L 				-D_POSIX_SOURCE -D_XOPEN_SOURCE 				-D_BSD_SOURCE -D_SVID_SOURCE 				 -D_GNU_SOURCE 				  -DFUNCPROTO=15 -DNARROWPROTO -DXTHREADS  -D_REENTRANT -DXUSE_MTSAFE_API    -DMALLOC_0_RETURNS_NULL     -fPIC XGMotion.c
rm -f XGrabDev.o
gcc -m32 -c -O2 -fno-strength-reduce -fno-strict-aliasing  -Wall -Wpointer-arith -Wundef  -I.   -I../../exports/include    -Dlinux -D__i386__ -D_POSIX_C_SOURCE=199309L 				-D_POSIX_SOURCE -D_XOPEN_SOURCE 				-D_BSD_SOURCE -D_SVID_SOURCE 				 -D_GNU_SOURCE 				  -DFUNCPROTO=15 -DNARROWPROTO -DXTHREADS  -D_REENTRANT -DXUSE_MTSAFE_API    -DMALLOC_0_RETURNS_NULL     -fPIC XGrabDev.c
rm -f XGrDvBut.o
gcc -m32 -c -O2 -fno-strength-reduce -fno-strict-aliasing  -Wall -Wpointer-arith -Wundef  -I.   -I../../exports/include    -Dlinux -D__i386__ -D_POSIX_C_SOURCE=199309L 				-D_POSIX_SOURCE -D_XOPEN_SOURCE 				-D_BSD_SOURCE -D_SVID_SOURCE 				 -D_GNU_SOURCE 				  -DFUNCPROTO=15 -DNARROWPROTO -DXTHREADS  -D_REENTRANT -DXUSE_MTSAFE_API    -DMALLOC_0_RETURNS_NULL     -fPIC XGrDvBut.c
rm -f XGrDvKey.o
gcc -m32 -c -O2 -fno-strength-reduce -fno-strict-aliasing  -Wall -Wpointer-arith -Wundef  -I.   -I../../exports/include    -Dlinux -D__i386__ -D_POSIX_C_SOURCE=199309L 				-D_POSIX_SOURCE -D_XOPEN_SOURCE 				-D_BSD_SOURCE -D_SVID_SOURCE 				 -D_GNU_SOURCE 				  -DFUNCPROTO=15 -DNARROWPROTO -DXTHREADS  -D_REENTRANT -DXUSE_MTSAFE_API    -DMALLOC_0_RETURNS_NULL     -fPIC XGrDvKey.c
rm -f XGtFocus.o
gcc -m32 -c -O2 -fno-strength-reduce -fno-strict-aliasing  -Wall -Wpointer-arith -Wundef  -I.   -I../../exports/include    -Dlinux -D__i386__ -D_POSIX_C_SOURCE=199309L 				-D_POSIX_SOURCE -D_XOPEN_SOURCE 				-D_BSD_SOURCE -D_SVID_SOURCE 				 -D_GNU_SOURCE 				  -DFUNCPROTO=15 -DNARROWPROTO -DXTHREADS  -D_REENTRANT -DXUSE_MTSAFE_API    -DMALLOC_0_RETURNS_NULL     -fPIC XGtFocus.c
rm -f XGtSelect.o
gcc -m32 -c -O2 -fno-strength-reduce -fno-strict-aliasing  -Wall -Wpointer-arith -Wundef  -I.   -I../../exports/include    -Dlinux -D__i386__ -D_POSIX_C_SOURCE=199309L 				-D_POSIX_SOURCE -D_XOPEN_SOURCE 				-D_BSD_SOURCE -D_SVID_SOURCE 				 -D_GNU_SOURCE 				  -DFUNCPROTO=15 -DNARROWPROTO -DXTHREADS  -D_REENTRANT -DXUSE_MTSAFE_API    -DMALLOC_0_RETURNS_NULL     -fPIC XGtSelect.c
rm -f XListDev.o
gcc -m32 -c -O2 -fno-strength-reduce -fno-strict-aliasing  -Wall -Wpointer-arith -Wundef  -I.   -I../../exports/include    -Dlinux -D__i386__ -D_POSIX_C_SOURCE=199309L 				-D_POSIX_SOURCE -D_XOPEN_SOURCE 				-D_BSD_SOURCE -D_SVID_SOURCE 				 -D_GNU_SOURCE 				  -DFUNCPROTO=15 -DNARROWPROTO -DXTHREADS  -D_REENTRANT -DXUSE_MTSAFE_API    -DMALLOC_0_RETURNS_NULL     -fPIC XListDev.c
rm -f XOpenDev.o
gcc -m32 -c -O2 -fno-strength-reduce -fno-strict-aliasing  -Wall -Wpointer-arith -Wundef  -I.   -I../../exports/include    -Dlinux -D__i386__ -D_POSIX_C_SOURCE=199309L 				-D_POSIX_SOURCE -D_XOPEN_SOURCE 				-D_BSD_SOURCE -D_SVID_SOURCE 				 -D_GNU_SOURCE 				  -DFUNCPROTO=15 -DNARROWPROTO -DXTHREADS  -D_REENTRANT -DXUSE_MTSAFE_API    -DMALLOC_0_RETURNS_NULL     -fPIC XOpenDev.c
rm -f XQueryDv.o
gcc -m32 -c -O2 -fno-strength-reduce -fno-strict-aliasing  -Wall -Wpointer-arith -Wundef  -I.   -I../../exports/include    -Dlinux -D__i386__ -D_POSIX_C_SOURCE=199309L 				-D_POSIX_SOURCE -D_XOPEN_SOURCE 				-D_BSD_SOURCE -D_SVID_SOURCE 				 -D_GNU_SOURCE 				  -DFUNCPROTO=15 -DNARROWPROTO -DXTHREADS  -D_REENTRANT -DXUSE_MTSAFE_API    -DMALLOC_0_RETURNS_NULL     -fPIC XQueryDv.c
rm -f XSelect.o
gcc -m32 -c -O2 -fno-strength-reduce -fno-strict-aliasing  -Wall -Wpointer-arith -Wundef  -I.   -I../../exports/include    -Dlinux -D__i386__ -D_POSIX_C_SOURCE=199309L 				-D_POSIX_SOURCE -D_XOPEN_SOURCE 				-D_BSD_SOURCE -D_SVID_SOURCE 				 -D_GNU_SOURCE 				  -DFUNCPROTO=15 -DNARROWPROTO -DXTHREADS  -D_REENTRANT -DXUSE_MTSAFE_API    -DMALLOC_0_RETURNS_NULL     -fPIC XSelect.c
rm -f XSetBMap.o
gcc -m32 -c -O2 -fno-strength-reduce -fno-strict-aliasing  -Wall -Wpointer-arith -Wundef  -I.   -I../../exports/include    -Dlinux -D__i386__ -D_POSIX_C_SOURCE=199309L 				-D_POSIX_SOURCE -D_XOPEN_SOURCE 				-D_BSD_SOURCE -D_SVID_SOURCE 				 -D_GNU_SOURCE 				  -DFUNCPROTO=15 -DNARROWPROTO -DXTHREADS  -D_REENTRANT -DXUSE_MTSAFE_API    -DMALLOC_0_RETURNS_NULL     -fPIC XSetBMap.c
rm -f XSetDVal.o
gcc -m32 -c -O2 -fno-strength-reduce -fno-strict-aliasing  -Wall -Wpointer-arith -Wundef  -I.   -I../../exports/include    -Dlinux -D__i386__ -D_POSIX_C_SOURCE=199309L 				-D_POSIX_SOURCE -D_XOPEN_SOURCE 				-D_BSD_SOURCE -D_SVID_SOURCE 				 -D_GNU_SOURCE 				  -DFUNCPROTO=15 -DNARROWPROTO -DXTHREADS  -D_REENTRANT -DXUSE_MTSAFE_API    -DMALLOC_0_RETURNS_NULL     -fPIC XSetDVal.c
rm -f XSetMMap.o
gcc -m32 -c -O2 -fno-strength-reduce -fno-strict-aliasing  -Wall -Wpointer-arith -Wundef  -I.   -I../../exports/include    -Dlinux -D__i386__ -D_POSIX_C_SOURCE=199309L 				-D_POSIX_SOURCE -D_XOPEN_SOURCE 				-D_BSD_SOURCE -D_SVID_SOURCE 				 -D_GNU_SOURCE 				  -DFUNCPROTO=15 -DNARROWPROTO -DXTHREADS  -D_REENTRANT -DXUSE_MTSAFE_API    -DMALLOC_0_RETURNS_NULL     -fPIC XSetMMap.c
rm -f XSetMode.o
gcc -m32 -c -O2 -fno-strength-reduce -fno-strict-aliasing  -Wall -Wpointer-arith -Wundef  -I.   -I../../exports/include    -Dlinux -D__i386__ -D_POSIX_C_SOURCE=199309L 				-D_POSIX_SOURCE -D_XOPEN_SOURCE 				-D_BSD_SOURCE -D_SVID_SOURCE 				 -D_GNU_SOURCE 				  -DFUNCPROTO=15 -DNARROWPROTO -DXTHREADS  -D_REENTRANT -DXUSE_MTSAFE_API    -DMALLOC_0_RETURNS_NULL     -fPIC XSetMode.c
rm -f XSndExEv.o
gcc -m32 -c -O2 -fno-strength-reduce -fno-strict-aliasing  -Wall -Wpointer-arith -Wundef  -I.   -I../../exports/include    -Dlinux -D__i386__ -D_POSIX_C_SOURCE=199309L 				-D_POSIX_SOURCE -D_XOPEN_SOURCE 				-D_BSD_SOURCE -D_SVID_SOURCE 				 -D_GNU_SOURCE 				  -DFUNCPROTO=15 -DNARROWPROTO -DXTHREADS  -D_REENTRANT -DXUSE_MTSAFE_API    -DMALLOC_0_RETURNS_NULL     -fPIC XSndExEv.c
rm -f XStFocus.o
gcc -m32 -c -O2 -fno-strength-reduce -fno-strict-aliasing  -Wall -Wpointer-arith -Wundef  -I.   -I../../exports/include    -Dlinux -D__i386__ -D_POSIX_C_SOURCE=199309L 				-D_POSIX_SOURCE -D_XOPEN_SOURCE 				-D_BSD_SOURCE -D_SVID_SOURCE 				 -D_GNU_SOURCE 				  -DFUNCPROTO=15 -DNARROWPROTO -DXTHREADS  -D_REENTRANT -DXUSE_MTSAFE_API    -DMALLOC_0_RETURNS_NULL     -fPIC XStFocus.c
rm -f XUngrDev.o
gcc -m32 -c -O2 -fno-strength-reduce -fno-strict-aliasing  -Wall -Wpointer-arith -Wundef  -I.   -I../../exports/include    -Dlinux -D__i386__ -D_POSIX_C_SOURCE=199309L 				-D_POSIX_SOURCE -D_XOPEN_SOURCE 				-D_BSD_SOURCE -D_SVID_SOURCE 				 -D_GNU_SOURCE 				  -DFUNCPROTO=15 -DNARROWPROTO -DXTHREADS  -D_REENTRANT -DXUSE_MTSAFE_API    -DMALLOC_0_RETURNS_NULL     -fPIC XUngrDev.c
rm -f XUngrDvB.o
gcc -m32 -c -O2 -fno-strength-reduce -fno-strict-aliasing  -Wall -Wpointer-arith -Wundef  -I.   -I../../exports/include    -Dlinux -D__i386__ -D_POSIX_C_SOURCE=199309L 				-D_POSIX_SOURCE -D_XOPEN_SOURCE 				-D_BSD_SOURCE -D_SVID_SOURCE 				 -D_GNU_SOURCE 				  -DFUNCPROTO=15 -DNARROWPROTO -DXTHREADS  -D_REENTRANT -DXUSE_MTSAFE_API    -DMALLOC_0_RETURNS_NULL     -fPIC XUngrDvB.c
rm -f XUngrDvK.o
gcc -m32 -c -O2 -fno-strength-reduce -fno-strict-aliasing  -Wall -Wpointer-arith -Wundef  -I.   -I../../exports/include    -Dlinux -D__i386__ -D_POSIX_C_SOURCE=199309L 				-D_POSIX_SOURCE -D_XOPEN_SOURCE 				-D_BSD_SOURCE -D_SVID_SOURCE 				 -D_GNU_SOURCE 				  -DFUNCPROTO=15 -DNARROWPROTO -DXTHREADS  -D_REENTRANT -DXUSE_MTSAFE_API    -DMALLOC_0_RETURNS_NULL     -fPIC XUngrDvK.c
rm -f XExtInt.o
gcc -m32 -c -O2 -fno-strength-reduce -fno-strict-aliasing  -Wall -Wpointer-arith -Wundef  -I.   -I../../exports/include    -Dlinux -D__i386__ -D_POSIX_C_SOURCE=199309L 				-D_POSIX_SOURCE -D_XOPEN_SOURCE 				-D_BSD_SOURCE -D_SVID_SOURCE 				 -D_GNU_SOURCE 				  -DFUNCPROTO=15 -DNARROWPROTO -DXTHREADS  -D_REENTRANT -DXUSE_MTSAFE_API    -DMALLOC_0_RETURNS_NULL     -fPIC XExtInt.c
rm -f libXi.so.6.0~
+ cd .
+ gcc -m32 -o ./libXi.so.6.0~ -shared -Wl,-rpath-link,../../exports/lib -Wl,-soname,libXi.so.6 XAllowDv.o XChgDCtl.o XChgFCtl.o XChgKbd.o XChgKMap.o XChgPnt.o XChgProp.o XCloseDev.o XDevBell.o XExtToWire.o XGetBMap.o XGetDCtl.o XGetFCtl.o XGetKMap.o XGetMMap.o XGetProp.o XGetVers.o XGMotion.o XGrabDev.o XGrDvBut.o XGrDvKey.o XGtFocus.o XGtSelect.o XListDev.o XOpenDev.o XQueryDv.o XSelect.o XSetBMap.o XSetDVal.o XSetMMap.o XSetMode.o XSndExEv.o XStFocus.o XUngrDev.o XUngrDvB.o XUngrDvK.o XExtInt.o -L../../exports/lib -lXext -lX11 -lc
/usr/lib/gcc/i486-t2-linux-gnu/4.2.2/../../../../i486-t2-linux-gnu/bin/ld: cannot find -lXext
collect2: ld returned 1 exit status
make: *** [libXi.so.6.0] Error 1
